{"contracts/Raffle.sol":{"l":{"64":0,"65":0,"66":0,"67":0,"68":0,"69":0,"70":0,"71":0,"75":0,"76":0,"78":0,"79":0,"81":0,"84":0,"107":0,"108":0,"109":0,"110":0,"111":0,"122":0,"124":0,"125":0,"132":0,"133":0,"140":0,"149":0,"150":0,"151":0,"152":0,"153":0,"154":0,"157":0,"158":0,"159":0,"162":0,"168":0,"172":0,"176":0,"180":0,"184":0,"188":0,"192":0,"196":0,"200":0},"path":"/Users/mohameduzair/blockChain/JSweb3_2/smart-contract_lottery/contracts/Raffle.sol","s":{"1":0,"2":0,"3":0,"4":0,"5":0,"6":0,"7":0,"8":0,"9":0,"10":0,"11":0,"12":0,"13":0,"14":0,"15":0,"16":0,"17":0,"18":0,"19":0,"20":0,"21":0,"22":0,"23":0,"24":0,"25":0,"26":0,"27":0,"28":0,"29":0,"30":0,"31":0,"32":0,"33":0,"34":0,"35":0,"36":0,"37":0,"38":0,"39":0,"40":0},"b":{"1":[0,0],"2":[0,0],"3":[0,0],"4":[0,0]},"f":{"1":0,"2":0,"3":0,"4":0,"5":0,"6":0,"7":0,"8":0,"9":0,"10":0,"11":0,"12":0,"13":0,"14":0},"fnMap":{"1":{"name":"constructor","line":63,"loc":{"start":{"line":56,"column":4},"end":{"line":72,"column":4}}},"2":{"name":"enterRaffle","line":74,"loc":{"start":{"line":74,"column":4},"end":{"line":85,"column":4}}},"3":{"name":"checkUpkeep","line":97,"loc":{"start":{"line":97,"column":4},"end":{"line":112,"column":4}}},"4":{"name":"performUpkeep","line":115,"loc":{"start":{"line":115,"column":4},"end":{"line":141,"column":4}}},"5":{"name":"fulfillRandomWords","line":144,"loc":{"start":{"line":144,"column":4},"end":{"line":163,"column":4}}},"6":{"name":"getEntranceFee","line":167,"loc":{"start":{"line":167,"column":4},"end":{"line":169,"column":4}}},"7":{"name":"getPlayer","line":171,"loc":{"start":{"line":171,"column":4},"end":{"line":173,"column":4}}},"8":{"name":"getRecentWinner","line":175,"loc":{"start":{"line":175,"column":4},"end":{"line":177,"column":4}}},"9":{"name":"getRaffleState","line":179,"loc":{"start":{"line":179,"column":4},"end":{"line":181,"column":4}}},"10":{"name":"getNumberOfWords","line":183,"loc":{"start":{"line":183,"column":4},"end":{"line":185,"column":4}}},"11":{"name":"getNumberOfPlayers","line":187,"loc":{"start":{"line":187,"column":4},"end":{"line":189,"column":4}}},"12":{"name":"latestTimeStamp","line":191,"loc":{"start":{"line":191,"column":4},"end":{"line":193,"column":4}}},"13":{"name":"getRequestConfirmations","line":195,"loc":{"start":{"line":195,"column":4},"end":{"line":197,"column":4}}},"14":{"name":"getInterval","line":199,"loc":{"start":{"line":199,"column":4},"end":{"line":201,"column":4}}}},"statementMap":{"1":{"start":{"line":64,"column":8},"end":{"line":64,"column":34}},"2":{"start":{"line":65,"column":8},"end":{"line":65,"column":69}},"3":{"start":{"line":66,"column":8},"end":{"line":66,"column":26}},"4":{"start":{"line":67,"column":8},"end":{"line":67,"column":40}},"5":{"start":{"line":68,"column":8},"end":{"line":68,"column":44}},"6":{"start":{"line":69,"column":8},"end":{"line":69,"column":39}},"7":{"start":{"line":70,"column":8},"end":{"line":70,"column":40}},"8":{"start":{"line":71,"column":8},"end":{"line":71,"column":28}},"9":{"start":{"line":75,"column":8},"end":{"line":75,"column":2693}},"10":{"start":{"line":78,"column":8},"end":{"line":78,"column":2795}},"11":{"start":{"line":81,"column":8},"end":{"line":81,"column":42}},"12":{"start":{"line":84,"column":8},"end":{"line":84,"column":36}},"13":{"start":{"line":107,"column":8},"end":{"line":107,"column":57}},"14":{"start":{"line":108,"column":8},"end":{"line":108,"column":76}},"15":{"start":{"line":109,"column":8},"end":{"line":109,"column":48}},"16":{"start":{"line":110,"column":8},"end":{"line":110,"column":51}},"17":{"start":{"line":111,"column":8},"end":{"line":111,"column":72}},"18":{"start":{"line":122,"column":8},"end":{"line":122,"column":47}},"19":{"start":{"line":124,"column":8},"end":{"line":124,"column":4383}},"20":{"start":{"line":132,"column":8},"end":{"line":132,"column":46}},"21":{"start":{"line":133,"column":8},"end":{"line":133,"column":4644}},"22":{"start":{"line":140,"column":8},"end":{"line":140,"column":45}},"23":{"start":{"line":149,"column":8},"end":{"line":149,"column":65}},"24":{"start":{"line":150,"column":8},"end":{"line":150,"column":63}},"25":{"start":{"line":151,"column":8},"end":{"line":151,"column":36}},"26":{"start":{"line":152,"column":8},"end":{"line":152,"column":39}},"27":{"start":{"line":153,"column":8},"end":{"line":153,"column":43}},"28":{"start":{"line":154,"column":8},"end":{"line":154,"column":40}},"29":{"start":{"line":157,"column":8},"end":{"line":157,"column":78}},"30":{"start":{"line":158,"column":8},"end":{"line":158,"column":5769}},"31":{"start":{"line":162,"column":8},"end":{"line":162,"column":39}},"32":{"start":{"line":168,"column":8},"end":{"line":168,"column":28}},"33":{"start":{"line":172,"column":8},"end":{"line":172,"column":31}},"34":{"start":{"line":176,"column":8},"end":{"line":176,"column":29}},"35":{"start":{"line":180,"column":8},"end":{"line":180,"column":28}},"36":{"start":{"line":184,"column":8},"end":{"line":184,"column":24}},"37":{"start":{"line":188,"column":8},"end":{"line":188,"column":31}},"38":{"start":{"line":192,"column":8},"end":{"line":192,"column":30}},"39":{"start":{"line":196,"column":8},"end":{"line":196,"column":36}},"40":{"start":{"line":200,"column":8},"end":{"line":200,"column":25}}},"branchMap":{"1":{"line":75,"type":"if","locations":[{"start":{"line":75,"column":8},"end":{"line":75,"column":8}},{"start":{"line":75,"column":8},"end":{"line":75,"column":8}}]},"2":{"line":78,"type":"if","locations":[{"start":{"line":78,"column":8},"end":{"line":78,"column":8}},{"start":{"line":78,"column":8},"end":{"line":78,"column":8}}]},"3":{"line":124,"type":"if","locations":[{"start":{"line":124,"column":8},"end":{"line":124,"column":8}},{"start":{"line":124,"column":8},"end":{"line":124,"column":8}}]},"4":{"line":158,"type":"if","locations":[{"start":{"line":158,"column":8},"end":{"line":158,"column":8}},{"start":{"line":158,"column":8},"end":{"line":158,"column":8}}]}}},"contracts/test/VRFCoordinatorV2Mock.sol":{"l":{},"path":"/Users/mohameduzair/blockChain/JSweb3_2/smart-contract_lottery/contracts/test/VRFCoordinatorV2Mock.sol","s":{},"b":{},"f":{},"fnMap":{},"statementMap":{},"branchMap":{}}}