TN:
SF:/Users/mohameduzair/blockChain/JSweb3_2/smart-contract_lottery/contracts/Raffle.sol
FN:63,constructor
FN:74,enterRaffle
FN:97,checkUpkeep
FN:115,performUpkeep
FN:144,fulfillRandomWords
FN:167,getEntranceFee
FN:171,getPlayer
FN:175,getRecentWinner
FN:179,getRaffleState
FN:183,getNumberOfWords
FN:187,getNumberOfPlayers
FN:191,latestTimeStamp
FN:195,getRequestConfirmations
FN:199,getInterval
FNF:14
FNH:8
FNDA:3,constructor
FNDA:10,enterRaffle
FNDA:2,checkUpkeep
FNDA:2,performUpkeep
FNDA:0,fulfillRandomWords
FNDA:12,getEntranceFee
FNDA:1,getPlayer
FNDA:0,getRecentWinner
FNDA:1,getRaffleState
FNDA:0,getNumberOfWords
FNDA:0,getNumberOfPlayers
FNDA:0,latestTimeStamp
FNDA:0,getRequestConfirmations
FNDA:12,getInterval
DA:64,3
DA:65,3
DA:66,3
DA:67,3
DA:68,3
DA:69,3
DA:70,3
DA:71,3
DA:75,10
DA:76,1
DA:78,9
DA:79,1
DA:81,8
DA:84,8
DA:107,2
DA:108,2
DA:109,2
DA:110,2
DA:111,2
DA:122,2
DA:124,2
DA:125,1
DA:132,1
DA:133,1
DA:140,1
DA:149,0
DA:150,0
DA:151,0
DA:152,0
DA:153,0
DA:154,0
DA:157,0
DA:158,0
DA:159,0
DA:162,0
DA:168,12
DA:172,1
DA:176,0
DA:180,1
DA:184,0
DA:188,0
DA:192,0
DA:196,0
DA:200,12
LF:44
LH:29
BRDA:75,1,0,1
BRDA:75,1,1,9
BRDA:78,2,0,1
BRDA:78,2,1,8
BRDA:124,3,0,1
BRDA:124,3,1,1
BRDA:158,4,0,0
BRDA:158,4,1,0
BRF:8
BRH:6
end_of_record
TN:
SF:/Users/mohameduzair/blockChain/JSweb3_2/smart-contract_lottery/contracts/test/VRFCoordinatorV2Mock.sol
FNF:0
FNH:0
LF:0
LH:0
BRF:0
BRH:0
end_of_record
