TN:
SF:/Users/mohameduzair/blockChain/JSweb3_2/smart-contract_lottery/contracts/Raffle.sol
FN:63,constructor
FN:74,enterRaffle
FN:97,checkUpkeep
FN:115,performUpkeep
FN:144,fulfillRandomWords
FN:167,getEntranceFee
FN:171,getPlayer
FN:175,getRecentWinner
FN:179,getRaffleState
FN:183,getNumberOfWords
FN:187,getNumberOfPlayers
FN:191,latestTimeStamp
FN:195,getRequestConfirmations
FN:199,getInterval
FNF:14
FNH:0
FNDA:0,constructor
FNDA:0,enterRaffle
FNDA:0,checkUpkeep
FNDA:0,performUpkeep
FNDA:0,fulfillRandomWords
FNDA:0,getEntranceFee
FNDA:0,getPlayer
FNDA:0,getRecentWinner
FNDA:0,getRaffleState
FNDA:0,getNumberOfWords
FNDA:0,getNumberOfPlayers
FNDA:0,latestTimeStamp
FNDA:0,getRequestConfirmations
FNDA:0,getInterval
DA:64,0
DA:65,0
DA:66,0
DA:67,0
DA:68,0
DA:69,0
DA:70,0
DA:71,0
DA:75,0
DA:76,0
DA:78,0
DA:79,0
DA:81,0
DA:84,0
DA:107,0
DA:108,0
DA:109,0
DA:110,0
DA:111,0
DA:122,0
DA:124,0
DA:125,0
DA:132,0
DA:133,0
DA:140,0
DA:149,0
DA:150,0
DA:151,0
DA:152,0
DA:153,0
DA:154,0
DA:157,0
DA:158,0
DA:159,0
DA:162,0
DA:168,0
DA:172,0
DA:176,0
DA:180,0
DA:184,0
DA:188,0
DA:192,0
DA:196,0
DA:200,0
LF:44
LH:0
BRDA:75,1,0,0
BRDA:75,1,1,0
BRDA:78,2,0,0
BRDA:78,2,1,0
BRDA:124,3,0,0
BRDA:124,3,1,0
BRDA:158,4,0,0
BRDA:158,4,1,0
BRF:8
BRH:0
end_of_record
TN:
SF:/Users/mohameduzair/blockChain/JSweb3_2/smart-contract_lottery/contracts/test/VRFCoordinatorV2Mock.sol
FNF:0
FNH:0
LF:0
LH:0
BRF:0
BRH:0
end_of_record
